25-02-03.03:09:52.899 [main            ] INFO  RaffleActivityOrderDaoTest - Starting RaffleActivityOrderDaoTest using Java 1.8.0_231 on JarvanW-Lenovo with PID 4996 (started by JarvanW in D:\JarvanW\workplace\java_work\big-market\big-market-app)
25-02-03.03:09:52.900 [main            ] INFO  RaffleActivityOrderDaoTest - The following 1 profile is active: "dev"
25-02-03.03:09:53.751 [main            ] INFO  RepositoryConfigurationDelegate - Multiple Spring Data modules found, entering strict repository configuration mode
25-02-03.03:09:53.753 [main            ] INFO  RepositoryConfigurationDelegate - Bootstrapping Spring Data Redis repositories in DEFAULT mode.
25-02-03.03:09:53.786 [main            ] INFO  RepositoryConfigurationDelegate - Finished Spring Data repository scanning in 17 ms. Found 0 Redis repository interfaces.
25-02-03.03:09:55.458 [main            ] INFO  Version                - Redisson 3.23.4
25-02-03.03:09:56.068 [redisson-netty-2-4] INFO  MasterPubSubConnectionPool - 1 connections initialized for 127.0.0.1/127.0.0.1:16379
25-02-03.03:09:56.083 [redisson-netty-2-13] INFO  MasterConnectionPool   - 5 connections initialized for 127.0.0.1/127.0.0.1:16379
25-02-03.03:09:57.993 [main            ] INFO  EndpointLinksResolver  - Exposing 1 endpoint(s) beneath base path '/actuator'
25-02-03.03:09:58.065 [main            ] INFO  RaffleActivityOrderDaoTest - Started RaffleActivityOrderDaoTest in 5.471 seconds (JVM running for 6.113)
25-02-03.03:09:58.348 [main            ] INFO  HikariDataSource       - Retail_HikariCP - Starting...
25-02-03.03:09:58.937 [main            ] INFO  HikariDataSource       - Retail_HikariCP - Start completed.
25-02-03.03:19:32.146 [main            ] INFO  RaffleActivityOrderDaoTest - Starting RaffleActivityOrderDaoTest using Java 1.8.0_231 on JarvanW-Lenovo with PID 17328 (started by JarvanW in D:\JarvanW\workplace\java_work\big-market\big-market-app)
25-02-03.03:19:32.146 [main            ] INFO  RaffleActivityOrderDaoTest - The following 1 profile is active: "dev"
25-02-03.03:19:32.727 [main            ] INFO  RepositoryConfigurationDelegate - Multiple Spring Data modules found, entering strict repository configuration mode
25-02-03.03:19:32.728 [main            ] INFO  RepositoryConfigurationDelegate - Bootstrapping Spring Data Redis repositories in DEFAULT mode.
25-02-03.03:19:32.751 [main            ] INFO  RepositoryConfigurationDelegate - Finished Spring Data repository scanning in 14 ms. Found 0 Redis repository interfaces.
25-02-03.03:19:34.015 [main            ] INFO  Version                - Redisson 3.23.4
25-02-03.03:19:34.542 [redisson-netty-2-4] INFO  MasterPubSubConnectionPool - 1 connections initialized for 127.0.0.1/127.0.0.1:16379
25-02-03.03:19:34.554 [redisson-netty-2-13] INFO  MasterConnectionPool   - 5 connections initialized for 127.0.0.1/127.0.0.1:16379
25-02-03.03:19:36.170 [main            ] INFO  EndpointLinksResolver  - Exposing 1 endpoint(s) beneath base path '/actuator'
25-02-03.03:19:36.218 [main            ] INFO  RaffleActivityOrderDaoTest - Started RaffleActivityOrderDaoTest in 4.319 seconds (JVM running for 4.969)
25-02-03.03:19:36.435 [main            ] INFO  HikariDataSource       - Retail_HikariCP - Starting...
25-02-03.03:19:37.003 [main            ] INFO  HikariDataSource       - Retail_HikariCP - Start completed.
25-02-03.03:19:37.020 [main            ] INFO  HikariDataSource       - Retail_HikariCP - Starting...
25-02-03.03:19:37.030 [main            ] INFO  HikariDataSource       - Retail_HikariCP - Start completed.
25-02-03.04:22:40.342 [main            ] INFO  RaffleActivityOrderDaoTest - Starting RaffleActivityOrderDaoTest using Java 1.8.0_231 on JarvanW-Lenovo with PID 27216 (started by JarvanW in D:\JarvanW\workplace\java_work\big-market\big-market-app)
25-02-03.04:22:40.343 [main            ] INFO  RaffleActivityOrderDaoTest - The following 1 profile is active: "dev"
25-02-03.04:22:40.931 [main            ] INFO  RepositoryConfigurationDelegate - Multiple Spring Data modules found, entering strict repository configuration mode
25-02-03.04:22:40.933 [main            ] INFO  RepositoryConfigurationDelegate - Bootstrapping Spring Data Redis repositories in DEFAULT mode.
25-02-03.04:22:40.956 [main            ] INFO  RepositoryConfigurationDelegate - Finished Spring Data repository scanning in 15 ms. Found 0 Redis repository interfaces.
25-02-03.04:22:42.307 [main            ] INFO  Version                - Redisson 3.23.4
25-02-03.04:22:42.843 [redisson-netty-2-4] INFO  MasterPubSubConnectionPool - 1 connections initialized for 127.0.0.1/127.0.0.1:16379
25-02-03.04:22:42.859 [redisson-netty-2-13] INFO  MasterConnectionPool   - 5 connections initialized for 127.0.0.1/127.0.0.1:16379
25-02-03.04:22:44.413 [main            ] INFO  EndpointLinksResolver  - Exposing 1 endpoint(s) beneath base path '/actuator'
25-02-03.04:22:44.487 [main            ] INFO  RaffleActivityOrderDaoTest - Started RaffleActivityOrderDaoTest in 4.415 seconds (JVM running for 5.052)
25-02-03.04:22:44.715 [main            ] INFO  HikariDataSource       - Retail_HikariCP - Starting...
25-02-03.04:22:45.004 [scheduling-1    ] INFO  UpdateAwardStockJob    - 定时任务，更新奖品消耗库存【延迟队列获取，降低对数据库的更新频次，不要产生竞争】
25-02-03.04:22:45.304 [main            ] INFO  HikariDataSource       - Retail_HikariCP - Start completed.
25-02-03.04:22:45.447 [main            ] INFO  RaffleActivityOrderDaoTest - 测试结果: [{"activityId":100301,"activityName":"测试活动","orderId":"88675199","orderTime":1709954149000,"state":"not_used","strategyId":100006,"userId":"xiaofuge"},{"activityId":100301,"activityName":"测试活动","orderId":"382877096957","orderTime":1709965454000,"state":"not_used","strategyId":100006,"userId":"xiaofuge"},{"activityId":100301,"activityName":"测试活动","orderId":"039342307123","orderTime":1738523398000,"state":"not_used","strategyId":100006,"userId":"xiaofuge"}]
25-02-03.05:56:46.440 [main            ] INFO  RaffleOrderTest        - Starting RaffleOrderTest using Java 1.8.0_231 on JarvanW-Lenovo with PID 19212 (started by JarvanW in D:\JarvanW\workplace\java_work\big-market\big-market-app)
25-02-03.05:56:46.441 [main            ] INFO  RaffleOrderTest        - The following 1 profile is active: "dev"
25-02-03.05:56:47.077 [main            ] INFO  RepositoryConfigurationDelegate - Multiple Spring Data modules found, entering strict repository configuration mode
25-02-03.05:56:47.079 [main            ] INFO  RepositoryConfigurationDelegate - Bootstrapping Spring Data Redis repositories in DEFAULT mode.
25-02-03.05:56:47.105 [main            ] INFO  RepositoryConfigurationDelegate - Finished Spring Data repository scanning in 16 ms. Found 0 Redis repository interfaces.
25-02-03.05:56:48.540 [main            ] INFO  Version                - Redisson 3.23.4
25-02-03.05:56:49.088 [redisson-netty-2-4] INFO  MasterPubSubConnectionPool - 1 connections initialized for 127.0.0.1/127.0.0.1:16379
25-02-03.05:56:49.098 [redisson-netty-2-13] INFO  MasterConnectionPool   - 5 connections initialized for 127.0.0.1/127.0.0.1:16379
25-02-03.05:56:49.199 [main            ] WARN  GenericWebApplicationContext - Exception encountered during context initialization - cancelling refresh attempt: org.springframework.beans.factory.UnsatisfiedDependencyException: Error creating bean with name 'raffleActivityService' defined in file [D:\JarvanW\workplace\java_work\big-market\big-market-domain\target\classes\cn\bugstack\domain\activity\service\RaffleActivityService.class]: Unsatisfied dependency expressed through constructor parameter 0; nested exception is org.springframework.beans.factory.NoSuchBeanDefinitionException: No qualifying bean of type 'cn.bugstack.domain.activity.repository.IActivityRepository' available: expected at least 1 bean which qualifies as autowire candidate. Dependency annotations: {}
25-02-03.05:56:49.227 [main            ] INFO  ConditionEvaluationReportLoggingListener - 

Error starting ApplicationContext. To display the conditions report re-run your application with 'debug' enabled.
25-02-03.05:56:49.263 [main            ] ERROR LoggingFailureAnalysisReporter - 

***************************
APPLICATION FAILED TO START
***************************

Description:

Parameter 0 of constructor in cn.bugstack.domain.activity.service.RaffleActivityService required a bean of type 'cn.bugstack.domain.activity.repository.IActivityRepository' that could not be found.


Action:

Consider defining a bean of type 'cn.bugstack.domain.activity.repository.IActivityRepository' in your configuration.

25-02-03.05:56:49.266 [main            ] ERROR TestContextManager     - Caught exception while allowing TestExecutionListener [org.springframework.test.context.web.ServletTestExecutionListener@58a9760d] to prepare test instance [cn.bugstack.test.domain.activity.RaffleOrderTest@23121d14]
java.lang.IllegalStateException: Failed to load ApplicationContext
	at org.springframework.test.context.cache.DefaultCacheAwareContextLoaderDelegate.loadContext(DefaultCacheAwareContextLoaderDelegate.java:98)
	at org.springframework.test.context.support.DefaultTestContext.getApplicationContext(DefaultTestContext.java:124)
	at org.springframework.test.context.web.ServletTestExecutionListener.setUpRequestContextIfNecessary(ServletTestExecutionListener.java:190)
	at org.springframework.test.context.web.ServletTestExecutionListener.prepareTestInstance(ServletTestExecutionListener.java:132)
	at org.springframework.test.context.TestContextManager.prepareTestInstance(TestContextManager.java:248)
	at org.springframework.test.context.junit4.SpringJUnit4ClassRunner.createTest(SpringJUnit4ClassRunner.java:227)
	at org.springframework.test.context.junit4.SpringJUnit4ClassRunner$1.runReflectiveCall(SpringJUnit4ClassRunner.java:289)
	at org.junit.internal.runners.model.ReflectiveCallable.run(ReflectiveCallable.java:12)
	at org.springframework.test.context.junit4.SpringJUnit4ClassRunner.methodBlock(SpringJUnit4ClassRunner.java:291)
	at org.springframework.test.context.junit4.SpringJUnit4ClassRunner.runChild(SpringJUnit4ClassRunner.java:246)
	at org.springframework.test.context.junit4.SpringJUnit4ClassRunner.runChild(SpringJUnit4ClassRunner.java:97)
	at org.junit.runners.ParentRunner$4.run(ParentRunner.java:331)
	at org.junit.runners.ParentRunner$1.schedule(ParentRunner.java:79)
	at org.junit.runners.ParentRunner.runChildren(ParentRunner.java:329)
	at org.junit.runners.ParentRunner.access$100(ParentRunner.java:66)
	at org.junit.runners.ParentRunner$2.evaluate(ParentRunner.java:293)
	at org.springframework.test.context.junit4.statements.RunBeforeTestClassCallbacks.evaluate(RunBeforeTestClassCallbacks.java:61)
	at org.springframework.test.context.junit4.statements.RunAfterTestClassCallbacks.evaluate(RunAfterTestClassCallbacks.java:70)
	at org.junit.runners.ParentRunner$3.evaluate(ParentRunner.java:306)
	at org.junit.runners.ParentRunner.run(ParentRunner.java:413)
	at org.springframework.test.context.junit4.SpringJUnit4ClassRunner.run(SpringJUnit4ClassRunner.java:190)
	at org.junit.runner.JUnitCore.run(JUnitCore.java:137)
	at com.intellij.junit4.JUnit4IdeaTestRunner.startRunnerWithArgs(JUnit4IdeaTestRunner.java:69)
	at com.intellij.rt.junit.IdeaTestRunner$Repeater$1.execute(IdeaTestRunner.java:38)
	at com.intellij.rt.execution.junit.TestsRepeater.repeat(TestsRepeater.java:11)
	at com.intellij.rt.junit.IdeaTestRunner$Repeater.startRunnerWithArgs(IdeaTestRunner.java:35)
	at com.intellij.rt.junit.JUnitStarter.prepareStreamsAndStart(JUnitStarter.java:232)
	at com.intellij.rt.junit.JUnitStarter.main(JUnitStarter.java:55)
Caused by: org.springframework.beans.factory.UnsatisfiedDependencyException: Error creating bean with name 'raffleActivityService' defined in file [D:\JarvanW\workplace\java_work\big-market\big-market-domain\target\classes\cn\bugstack\domain\activity\service\RaffleActivityService.class]: Unsatisfied dependency expressed through constructor parameter 0; nested exception is org.springframework.beans.factory.NoSuchBeanDefinitionException: No qualifying bean of type 'cn.bugstack.domain.activity.repository.IActivityRepository' available: expected at least 1 bean which qualifies as autowire candidate. Dependency annotations: {}
	at org.springframework.beans.factory.support.ConstructorResolver.createArgumentArray(ConstructorResolver.java:800)
	at org.springframework.beans.factory.support.ConstructorResolver.autowireConstructor(ConstructorResolver.java:229)
	at org.springframework.beans.factory.support.AbstractAutowireCapableBeanFactory.autowireConstructor(AbstractAutowireCapableBeanFactory.java:1372)
	at org.springframework.beans.factory.support.AbstractAutowireCapableBeanFactory.createBeanInstance(AbstractAutowireCapableBeanFactory.java:1222)
	at org.springframework.beans.factory.support.AbstractAutowireCapableBeanFactory.doCreateBean(AbstractAutowireCapableBeanFactory.java:582)
	at org.springframework.beans.factory.support.AbstractAutowireCapableBeanFactory.createBean(AbstractAutowireCapableBeanFactory.java:542)
	at org.springframework.beans.factory.support.AbstractBeanFactory.lambda$doGetBean$0(AbstractBeanFactory.java:335)
	at org.springframework.beans.factory.support.DefaultSingletonBeanRegistry.getSingleton(DefaultSingletonBeanRegistry.java:234)
	at org.springframework.beans.factory.support.AbstractBeanFactory.doGetBean(AbstractBeanFactory.java:333)
	at org.springframework.beans.factory.support.AbstractBeanFactory.getBean(AbstractBeanFactory.java:208)
	at org.springframework.beans.factory.support.DefaultListableBeanFactory.preInstantiateSingletons(DefaultListableBeanFactory.java:955)
	at org.springframework.context.support.AbstractApplicationContext.finishBeanFactoryInitialization(AbstractApplicationContext.java:920)
	at org.springframework.context.support.AbstractApplicationContext.refresh(AbstractApplicationContext.java:583)
	at org.springframework.boot.SpringApplication.refresh(SpringApplication.java:731)
	at org.springframework.boot.SpringApplication.refreshContext(SpringApplication.java:408)
	at org.springframework.boot.SpringApplication.run(SpringApplication.java:307)
	at org.springframework.boot.test.context.SpringBootContextLoader.loadContext(SpringBootContextLoader.java:136)
	at org.springframework.test.context.cache.DefaultCacheAwareContextLoaderDelegate.loadContextInternal(DefaultCacheAwareContextLoaderDelegate.java:141)
	at org.springframework.test.context.cache.DefaultCacheAwareContextLoaderDelegate.loadContext(DefaultCacheAwareContextLoaderDelegate.java:90)
	... 27 common frames omitted
Caused by: org.springframework.beans.factory.NoSuchBeanDefinitionException: No qualifying bean of type 'cn.bugstack.domain.activity.repository.IActivityRepository' available: expected at least 1 bean which qualifies as autowire candidate. Dependency annotations: {}
	at org.springframework.beans.factory.support.DefaultListableBeanFactory.raiseNoMatchingBeanFound(DefaultListableBeanFactory.java:1801)
	at org.springframework.beans.factory.support.DefaultListableBeanFactory.doResolveDependency(DefaultListableBeanFactory.java:1357)
	at org.springframework.beans.factory.support.DefaultListableBeanFactory.resolveDependency(DefaultListableBeanFactory.java:1311)
	at org.springframework.beans.factory.support.ConstructorResolver.resolveAutowiredArgument(ConstructorResolver.java:887)
	at org.springframework.beans.factory.support.ConstructorResolver.createArgumentArray(ConstructorResolver.java:791)
	... 45 common frames omitted
25-02-03.05:58:31.411 [main            ] INFO  RaffleOrderTest        - Starting RaffleOrderTest using Java 1.8.0_231 on JarvanW-Lenovo with PID 8336 (started by JarvanW in D:\JarvanW\workplace\java_work\big-market\big-market-app)
25-02-03.05:58:31.412 [main            ] INFO  RaffleOrderTest        - The following 1 profile is active: "dev"
25-02-03.05:58:31.989 [main            ] INFO  RepositoryConfigurationDelegate - Multiple Spring Data modules found, entering strict repository configuration mode
25-02-03.05:58:31.990 [main            ] INFO  RepositoryConfigurationDelegate - Bootstrapping Spring Data Redis repositories in DEFAULT mode.
25-02-03.05:58:32.014 [main            ] INFO  RepositoryConfigurationDelegate - Finished Spring Data repository scanning in 15 ms. Found 0 Redis repository interfaces.
25-02-03.05:58:33.428 [main            ] INFO  Version                - Redisson 3.23.4
25-02-03.05:58:33.982 [redisson-netty-2-5] INFO  MasterPubSubConnectionPool - 1 connections initialized for 127.0.0.1/127.0.0.1:16379
25-02-03.05:58:33.994 [redisson-netty-2-13] INFO  MasterConnectionPool   - 5 connections initialized for 127.0.0.1/127.0.0.1:16379
25-02-03.05:58:35.978 [main            ] INFO  EndpointLinksResolver  - Exposing 1 endpoint(s) beneath base path '/actuator'
25-02-03.05:58:36.048 [main            ] INFO  RaffleOrderTest        - Started RaffleOrderTest in 4.913 seconds (JVM running for 5.49)
25-02-03.05:58:36.310 [main            ] INFO  HikariDataSource       - Retail_HikariCP - Starting...
25-02-03.05:58:36.900 [main            ] INFO  HikariDataSource       - Retail_HikariCP - Start completed.
25-02-03.05:58:37.139 [main            ] INFO  AbstractRaffleActivity - 查询结果：{"activityCountId":11101,"activityId":100301,"sku":9011,"stockCount":0,"stockCountSurplus":0} {"activityDesc":"测试活动","activityId":100301,"activityName":"测试活动","beginDateTime":1709979310000,"endDateTime":2025512110000,"state":"create","strategyId":100006} {"activityCountId":11101,"dayCount":1,"monthCount":1,"totalCount":1}
25-02-03.05:58:37.142 [main            ] INFO  RaffleOrderTest        - 测试结果：{}
